<?xml version="1.0" encoding="UTF-8"?>
<TestRun id="c2862a88-a207-4694-9a2e-f2480a9a9a62" name="Micah@MICAH-LAPTOP 2010-09-28 01:08:38" runUser="Micah-Laptop\Micah" xmlns="http://microsoft.com/schemas/VisualStudio/TeamTest/2010">
  <TestSettings name="Local" id="97fbee01-3cc7-4225-acb0-20ecb85d7fa7">
    <Description>These are default test settings for a local test run.</Description>
    <Deployment enabled="false" runDeploymentRoot="Micah_MICAH-LAPTOP 2010-09-28 01_08_38">
      <DeploymentItem filename="C:\code\SlimCache\source\SlimCache\bin\Debug\SlimCache.dll" />
    </Deployment>
    <Execution>
      <TestTypeSpecific />
      <AgentRule name="Execution Agents">
      </AgentRule>
    </Execution>
  </TestSettings>
  <Times creation="2010-09-28T01:08:38.4067985-04:00" queuing="2010-09-28T01:08:42.9680594-04:00" start="2010-09-28T01:08:43.3620820-04:00" finish="2010-09-28T01:08:52.7446186-04:00" />
  <ResultSummary outcome="Error">
    <Counters total="1" executed="1" error="0" failed="0" timeout="0" aborted="1" inconclusive="0" passedButRunAborted="0" notRunnable="0" notExecuted="0" disconnected="0" warning="0" passed="0" completed="0" inProgress="0" pending="0" />
    <RunInfos>
      <RunInfo computerName="MICAH-LAPTOP" outcome="Error" timestamp="2010-09-28T01:08:52.7406184-04:00">
        <Text>Test host process exited unexpectedly.</Text>
      </RunInfo>
    </RunInfos>
  </ResultSummary>
  <TestDefinitions>
    <UnitTest name="WhenCacheIsCleanUp_ThenTheCorrectAmountOfSpaceIsFreed" storage="c:\code\slimcache\tests\slimcachetests\bin\debug\slimcachetests.dll" id="0a91a687-b38a-e58e-24df-14113fadf83b">
      <Execution id="50d6c9cc-5e1b-4c22-b182-9076455135fd" />
      <TestMethod codeBase="C:/code/SlimCache/tests/SlimCacheTests/bin/Debug/SlimCacheTests.DLL" adapterTypeName="Microsoft.VisualStudio.TestTools.TestTypes.Unit.UnitTestAdapter, Microsoft.VisualStudio.QualityTools.Tips.UnitTest.Adapter, Version=10.0.0.0, Culture=neutral, PublicKeyToken=b03f5f7f11d50a3a" className="SlimCacheTests.LRUFileCacheCleanerTests, SlimCacheTests, Version=1.0.0.0, Culture=neutral, PublicKeyToken=null" name="WhenCacheIsCleanUp_ThenTheCorrectAmountOfSpaceIsFreed" />
    </UnitTest>
  </TestDefinitions>
  <TestLists>
    <TestList name="Results Not in a List" id="8c84fa94-04c1-424b-9868-57a2d4851a1d" />
    <TestList name="All Loaded Results" id="19431567-8539-422a-85d7-44ee4e166bda" />
  </TestLists>
  <TestEntries>
    <TestEntry testId="0a91a687-b38a-e58e-24df-14113fadf83b" executionId="50d6c9cc-5e1b-4c22-b182-9076455135fd" testListId="8c84fa94-04c1-424b-9868-57a2d4851a1d" />
  </TestEntries>
  <Results>
    <UnitTestResult executionId="50d6c9cc-5e1b-4c22-b182-9076455135fd" testId="0a91a687-b38a-e58e-24df-14113fadf83b" testName="WhenCacheIsCleanUp_ThenTheCorrectAmountOfSpaceIsFreed" computerName="MICAH-LAPTOP" duration="00:00:09.1575238" startTime="2010-09-28T01:08:43.5860948-04:00" endTime="2010-09-28T01:08:52.7436186-04:00" testType="13cdc9d9-ddb5-4fa4-a97d-d965ccfc6d4b" outcome="Aborted" testListId="8c84fa94-04c1-424b-9868-57a2d4851a1d" relativeResultsDirectory="50d6c9cc-5e1b-4c22-b182-9076455135fd">
    </UnitTestResult>
  </Results>
</TestRun>